<?xml version="1.0" encoding="UTF-8"?>
<!-- Generated by org.testng.reporters.JUnitXMLReporter -->
<testsuite ignored="0" hostname="selvakumarsMini" failures="0" tests="1" name="First Device Test" time="46.73" errors="0" timestamp="30 Jan 2024 17:39:50 GMT">
  <testcase classname="base.MobileApplicationBase" name="@BeforeMethod launchApp" time="46.666">
    <failure type="org.openqa.selenium.SessionNotCreatedException" message="Could not start a new session. Response code 500. Message: An unknown server-side error occurred while processing the command. Original error: Cannot start the &amp;apos;io.appium.android.apis&amp;apos; application. Consider checking the driver&amp;apos;s troubleshooting documentation. Original error: &amp;apos;io.appium.android.apis.ApiDemos&amp;apos; or &amp;apos;io.appium.android.apis.io.appium.android.apis.ApiDemos&amp;apos; never started. Consider checking the driver&amp;apos;s troubleshooting documentation. 
Host info: host: &amp;apos;selvakumarsMini&amp;apos;, ip: &amp;apos;192.168.0.9&amp;apos;
Build info: version: &amp;apos;4.17.0&amp;apos;, revision: &amp;apos;e52b1be057*&amp;apos;
System info: os.name: &amp;apos;Mac OS X&amp;apos;, os.arch: &amp;apos;x86_64&amp;apos;, os.version: &amp;apos;12.7.1&amp;apos;, java.version: &amp;apos;11.0.18&amp;apos;
Driver info: io.appium.java_client.android.AndroidDriver
Command: [null, newSession {capabilities=[{appium:deviceName=emulator-5554, platformName=ANDROID, appium:automationName=UiAutomator2, appium:app=/Users/elaiyaperumal/Documents/Workspace/Appium_Workspace/AppiumCapstone/apps/ApiDemos-debug.apk}], desiredCapabilities=Capabilities {appium:app: /Users/elaiyaperumal/Docume..., appium:automationName: UiAutomator2, appium:deviceName: emulator-5554, platformName: ANDROID}}]
Capabilities {appium:app: /Users/elaiyaperumal/Docume..., appium:automationName: UiAutomator2, appium:deviceName: emulator-5554, platformName: ANDROID}">
      <![CDATA[org.openqa.selenium.SessionNotCreatedException: Could not start a new session. Response code 500. Message: An unknown server-side error occurred while processing the command. Original error: Cannot start the 'io.appium.android.apis' application. Consider checking the driver's troubleshooting documentation. Original error: 'io.appium.android.apis.ApiDemos' or 'io.appium.android.apis.io.appium.android.apis.ApiDemos' never started. Consider checking the driver's troubleshooting documentation. 
Host info: host: 'selvakumarsMini', ip: '192.168.0.9'
Build info: version: '4.17.0', revision: 'e52b1be057*'
System info: os.name: 'Mac OS X', os.arch: 'x86_64', os.version: '12.7.1', java.version: '11.0.18'
Driver info: io.appium.java_client.android.AndroidDriver
Command: [null, newSession {capabilities=[{appium:deviceName=emulator-5554, platformName=ANDROID, appium:automationName=UiAutomator2, appium:app=/Users/elaiyaperumal/Documents/Workspace/Appium_Workspace/AppiumCapstone/apps/ApiDemos-debug.apk}], desiredCapabilities=Capabilities {appium:app: /Users/elaiyaperumal/Docume..., appium:automationName: UiAutomator2, appium:deviceName: emulator-5554, platformName: ANDROID}}]
Capabilities {appium:app: /Users/elaiyaperumal/Docume..., appium:automationName: UiAutomator2, appium:deviceName: emulator-5554, platformName: ANDROID}
at org.openqa.selenium.remote.ProtocolHandshake.createSession(ProtocolHandshake.java:139)
at io.appium.java_client.remote.AppiumProtocolHandshake.createSession(AppiumProtocolHandshake.java:133)
at io.appium.java_client.remote.AppiumProtocolHandshake.createSession(AppiumProtocolHandshake.java:102)
at io.appium.java_client.remote.AppiumCommandExecutor.createSession(AppiumCommandExecutor.java:177)
at io.appium.java_client.remote.AppiumCommandExecutor.execute(AppiumCommandExecutor.java:238)
at org.openqa.selenium.remote.RemoteWebDriver.execute(RemoteWebDriver.java:519)
at io.appium.java_client.AppiumDriver.startSession(AppiumDriver.java:268)
at org.openqa.selenium.remote.RemoteWebDriver.<init>(RemoteWebDriver.java:162)
at io.appium.java_client.AppiumDriver.<init>(AppiumDriver.java:90)
at io.appium.java_client.AppiumDriver.<init>(AppiumDriver.java:102)
at io.appium.java_client.android.AndroidDriver.<init>(AndroidDriver.java:109)
at base.MobileApplicationBase.launchApp(MobileApplicationBase.java:61)
at java.base/java.util.concurrent.FutureTask.run(FutureTask.java:264)
at java.base/java.util.concurrent.ThreadPoolExecutor.runWorker(ThreadPoolExecutor.java:1128)
at java.base/java.util.concurrent.ThreadPoolExecutor$Worker.run(ThreadPoolExecutor.java:628)
at java.base/java.lang.Thread.run(Thread.java:834)
... Removed 23 stack frames]]>
    </failure>
  </testcase> <!-- @BeforeMethod launchApp -->
  <testcase classname="base.MobileApplicationBase" name="@AfterMethod tearDown" time="0.0">
    <skipped/>
  </testcase> <!-- @AfterMethod tearDown -->
  <testcase classname="testcases.ContentPage_Test" name="verify_ContentMenu_Screen" time="0.0">
    <skipped/>
  </testcase> <!-- verify_ContentMenu_Screen -->
</testsuite> <!-- First Device Test -->
