<?xml version="1.0" encoding="UTF-8"?>
<!-- Generated by org.testng.reporters.JUnitXMLReporter -->
<testsuite ignored="1" hostname="selvakumarsMini" failures="0" tests="3" name="Test" time="62.178" errors="0" timestamp="30 Jan 2024 19:48:24 GMT">
  <testcase classname="testcases.HomePage_Test" name="verify_DeviceAdminMenu" time="4.714"/>
  <testcase classname="testcases.ContentPage_Test" name="verify_ContentMenu_Screen" time="3.448"/>
  <testcase classname="testcases.TextPage_Test" name="verify_TextMenu_Screen" time="3.355"/>
  <testcase classname="testcases.HomePage_Test" name="verify_appLaunch" time="0.0">
    <ignored/>
  </testcase> <!-- verify_appLaunch -->
</testsuite> <!-- Test -->
