<?xml version="1.0" encoding="UTF-8"?>
<testsuite xmlns:xsi="http://www.w3.org/2001/XMLSchema-instance" xsi:noNamespaceSchemaLocation="https://maven.apache.org/surefire/maven-surefire-plugin/xsd/surefire-test-report-3.0.xsd" version="3.0" name="TestSuite" time="64.813" tests="3" errors="0" skipped="0" failures="0">
  <properties>
[...]
</properties>
  <testcase name="verify_DeviceAdminMenu" classname="testcases.HomePage_Test" time="4.721"/>
  <testcase name="verify_ContentMenu_Screen" classname="testcases.ContentPage_Test" time="3.447"/>
  <testcase name="verify_TextMenu_Screen" classname="testcases.TextPage_Test" time="3.352"/>
</testsuite>