<?xml version="1.0" encoding="UTF-8"?>
<testng-results ignored="1" total="4" passed="3" failed="0" skipped="0">
  <reporter-output>
  </reporter-output>
  <suite started-at="2024-01-30T18:11:43Z" name="Suite" finished-at="2024-01-30T18:12:21Z" duration-ms="37305">
    <groups>
    </groups>
    <test started-at="2024-01-30T18:11:43Z" name="Test" finished-at="2024-01-30T18:12:21Z" duration-ms="37305">
      <class name="testcases.HomePage_Test">
        <test-method is-config="true" signature="launchApp()[pri:0, instance:testcases.HomePage_Test@54504ecd]" started-at="2024-01-30T18:11:43Z" name="launchApp" finished-at="2024-01-30T18:11:52Z" duration-ms="8697" status="PASS">
          <reporter-output>
          </reporter-output>
        </test-method> <!-- launchApp -->
        <test-method signature="verify_DeviceAdminMenu(java.lang.reflect.Method)[pri:0, instance:testcases.HomePage_Test@54504ecd]" started-at="2024-01-30T18:11:52Z" name="verify_DeviceAdminMenu" finished-at="2024-01-30T18:11:56Z" duration-ms="3642" status="PASS">
          <params>
            <param index="0">
              <value>
                <![CDATA[public void testcases.HomePage_Test.verify_DeviceAdminMenu(java.lang.reflect.Method) throws java.lang.Exception]]>
              </value>
            </param>
          </params>
          <reporter-output>
          </reporter-output>
        </test-method> <!-- verify_DeviceAdminMenu -->
        <test-method is-config="true" signature="tearDown()[pri:0, instance:testcases.HomePage_Test@54504ecd]" started-at="2024-01-30T18:11:56Z" name="tearDown" finished-at="2024-01-30T18:11:57Z" duration-ms="1404" status="PASS">
          <reporter-output>
          </reporter-output>
        </test-method> <!-- tearDown -->
      </class> <!-- testcases.HomePage_Test -->
      <class name="testcases.TextPage_Test">
        <test-method is-config="true" signature="launchApp()[pri:0, instance:testcases.TextPage_Test@1339e7aa]" started-at="2024-01-30T18:12:09Z" name="launchApp" finished-at="2024-01-30T18:12:17Z" duration-ms="7049" status="PASS">
          <reporter-output>
          </reporter-output>
        </test-method> <!-- launchApp -->
        <test-method signature="verify_TextMenu_Screen(java.lang.reflect.Method)[pri:0, instance:testcases.TextPage_Test@1339e7aa]" started-at="2024-01-30T18:12:17Z" name="verify_TextMenu_Screen" finished-at="2024-01-30T18:12:20Z" duration-ms="3026" status="PASS">
          <params>
            <param index="0">
              <value>
                <![CDATA[public void testcases.TextPage_Test.verify_TextMenu_Screen(java.lang.reflect.Method) throws java.lang.Exception]]>
              </value>
            </param>
          </params>
          <reporter-output>
          </reporter-output>
        </test-method> <!-- verify_TextMenu_Screen -->
        <test-method is-config="true" signature="tearDown()[pri:0, instance:testcases.TextPage_Test@1339e7aa]" started-at="2024-01-30T18:12:20Z" name="tearDown" finished-at="2024-01-30T18:12:21Z" duration-ms="1055" status="PASS">
          <reporter-output>
          </reporter-output>
        </test-method> <!-- tearDown -->
      </class> <!-- testcases.TextPage_Test -->
      <class name="testcases.ContentPage_Test">
        <test-method is-config="true" signature="launchApp()[pri:0, instance:testcases.ContentPage_Test@38b27cdc]" started-at="2024-01-30T18:11:57Z" name="launchApp" finished-at="2024-01-30T18:12:05Z" duration-ms="8277" status="PASS">
          <reporter-output>
          </reporter-output>
        </test-method> <!-- launchApp -->
        <test-method signature="verify_ContentMenu_Screen(java.lang.reflect.Method)[pri:0, instance:testcases.ContentPage_Test@38b27cdc]" started-at="2024-01-30T18:12:05Z" name="verify_ContentMenu_Screen" finished-at="2024-01-30T18:12:08Z" duration-ms="2895" status="PASS">
          <params>
            <param index="0">
              <value>
                <![CDATA[public void testcases.ContentPage_Test.verify_ContentMenu_Screen(java.lang.reflect.Method) throws java.lang.Exception]]>
              </value>
            </param>
          </params>
          <reporter-output>
          </reporter-output>
        </test-method> <!-- verify_ContentMenu_Screen -->
        <test-method is-config="true" signature="tearDown()[pri:0, instance:testcases.ContentPage_Test@38b27cdc]" started-at="2024-01-30T18:12:08Z" name="tearDown" finished-at="2024-01-30T18:12:09Z" duration-ms="1212" status="PASS">
          <reporter-output>
          </reporter-output>
        </test-method> <!-- tearDown -->
      </class> <!-- testcases.ContentPage_Test -->
    </test> <!-- Test -->
  </suite> <!-- Suite -->
</testng-results>
